[[1;32mINFO[0m   ] [Logger      ] Record log in C:\Users\user\.kivy\logs\kivy_25-04-01_20.txt
[[1;32mINFO[0m   ] [deps        ] Successfully imported "kivy_deps.angle" 0.4.0
[[1;32mINFO[0m   ] [deps        ] Successfully imported "kivy_deps.glew" 0.3.1
[[1;32mINFO[0m   ] [deps        ] Successfully imported "kivy_deps.sdl2" 0.8.0
[[1;32mINFO[0m   ] [Kivy        ] v2.3.1
[[1;32mINFO[0m   ] [Kivy        ] Installed at "C:\Users\user\miniconda3\envs\kiosk_front\lib\site-packages\kivy\__init__.py"
[[1;32mINFO[0m   ] [Python      ] v3.9.21 (main, Dec 11 2024, 16:35:24) [MSC v.1929 64 bit (AMD64)]
[[1;32mINFO[0m   ] [Python      ] Interpreter at "C:\Users\user\miniconda3\envs\kiosk_front\python.exe"
[[1;32mINFO[0m   ] [Logger      ] Purge log fired. Processing...
[[1;32mINFO[0m   ] [Logger      ] Purge finished!
[[1;32mINFO[0m   ] [Factory     ] 195 symbols loaded
[[1;32mINFO[0m   ] [Image       ] Providers: img_tex, img_dds, img_sdl2, img_pil (img_ffpyplayer ignored)
[[1;32mINFO[0m   ] [Text        ] Provider: sdl2
[[1;32mINFO[0m   ] [Window      ] Provider: sdl2
[[1;32mINFO[0m   ] [GL          ] Using the "OpenGL" graphics system
[[1;32mINFO[0m   ] [GL          ] GLEW initialization succeeded
[[1;32mINFO[0m   ] [GL          ] Backend used <glew>
[[1;32mINFO[0m   ] [GL          ] OpenGL version <b'4.6.0 - Build 31.0.101.5333'>
[[1;32mINFO[0m   ] [GL          ] OpenGL vendor <b'Intel'>
[[1;32mINFO[0m   ] [GL          ] OpenGL renderer <b'Intel(R) Arc(TM) Graphics'>
[[1;32mINFO[0m   ] [GL          ] OpenGL parsed version: 4, 6
[[1;32mINFO[0m   ] [GL          ] Shading version <b'4.60 - Build 31.0.101.5333'>
[[1;32mINFO[0m   ] [GL          ] Texture max size <16384>
[[1;32mINFO[0m   ] [GL          ] Texture max units <32>
[[1;32mINFO[0m   ] [Window      ] auto add sdl2 input provider
[[1;32mINFO[0m   ] [Window      ] virtual keyboard not allowed, single mode, not docked
Whisper ¸ðµ¨ ·Îµù Áß...
Whisper ¸ðµ¨ ·Îµå ¿Ï·á
[[1;32mINFO[0m   ] [Base        ] Start application main loop
[[1;32mINFO[0m   ] [GL          ] NPOT texture support is available
 Exception in thread Thread-1:
 Traceback (most recent call last):
   File "C:\Kiosk_vision\test_stt.py", line 62, in stt_thread
     self.log("\U0001f3a7 ¸¶ÀÌÅ© µè´Â Áß...")
   File "C:\Kiosk_vision\test_stt.py", line 53, in log
     self.log_area.text += f"{message}\n"
   File "kivy\\properties.pyx", line 520, in kivy.properties.Property.__set__
   File "kivy\\properties.pyx", line 1662, in kivy.properties.AliasProperty.set
   File "C:\Users\user\miniconda3\envs\kiosk_front\lib\site-packages\kivy\uix\textinput.py", line 3648, in _set_text
     self._refresh_text(text)
   File "C:\Users\user\miniconda3\envs\kiosk_front\lib\site-packages\kivy\uix\textinput.py", line 2211, in _refresh_text
     _line_rects.append(Rectangle(size=lbl.size))
   File "kivy\\graphics\\vertex_instructions.pyx", line 804, in kivy.graphics.vertex_instructions.Rectangle.__init__
   File "kivy\\graphics\\instructions.pyx", line 297, in kivy.graphics.instructions.VertexInstruction.__init__
   File "kivy\\graphics\\context_instructions.pyx", line 385, in kivy.graphics.context_instructions.BindTexture.__init__
   File "kivy\\graphics\\context_instructions.pyx", line 435, in kivy.graphics.context_instructions.BindTexture.source.__set__
   File "kivy\\graphics\\context_instructions.pyx", line 406, in kivy.graphics.context_instructions.BindTexture.texture.__set__
   File "kivy\\graphics\\instructions.pyx", line 88, in kivy.graphics.instructions.Instruction.flag_data_update
 TypeError: Cannot change graphics instruction outside the main Kivy thread
 
 During handling of the above exception, another exception occurred:
 
 Traceback (most recent call last):
   File "C:\Users\user\miniconda3\envs\kiosk_front\lib\threading.py", line 980, in _bootstrap_inner
     self.run()
   File "C:\Users\user\miniconda3\envs\kiosk_front\lib\threading.py", line 917, in run
     self._target(*self._args, **self._kwargs)
   File "C:\Kiosk_vision\test_stt.py", line 80, in stt_thread
     self.log(f"\u2757 ¿¹¿Ü ¹ß»ý: {e}")
   File "C:\Kiosk_vision\test_stt.py", line 53, in log
     self.log_area.text += f"{message}\n"
   File "kivy\\properties.pyx", line 520, in kivy.properties.Property.__set__
   File "kivy\\properties.pyx", line 1662, in kivy.properties.AliasProperty.set
   File "C:\Users\user\miniconda3\envs\kiosk_front\lib\site-packages\kivy\uix\textinput.py", line 3648, in _set_text
     self._refresh_text(text)
   File "C:\Users\user\miniconda3\envs\kiosk_front\lib\site-packages\kivy\uix\textinput.py", line 2211, in _refresh_text
     _line_rects.append(Rectangle(size=lbl.size))
   File "kivy\\graphics\\vertex_instructions.pyx", line 804, in kivy.graphics.vertex_instructions.Rectangle.__init__
   File "kivy\\graphics\\instructions.pyx", line 297, in kivy.graphics.instructions.VertexInstruction.__init__
   File "kivy\\graphics\\context_instructions.pyx", line 385, in kivy.graphics.context_instructions.BindTexture.__init__
   File "kivy\\graphics\\context_instructions.pyx", line 435, in kivy.graphics.context_instructions.BindTexture.source.__set__
   File "kivy\\graphics\\context_instructions.pyx", line 406, in kivy.graphics.context_instructions.BindTexture.texture.__set__
   File "kivy\\graphics\\instructions.pyx", line 88, in kivy.graphics.instructions.Instruction.flag_data_update
 TypeError: Cannot change graphics instruction outside the main Kivy thread
[[1;32mINFO[0m   ] [WindowSDL   ] Window is now on display 1
[[1;32mINFO[0m   ] [Base        ] Leaving application in progress...
